2025-01-19 15:36:40,548 - INFO - Cleanup completed: 0 listings older than 2 months deleted (2024-11-20T15:36:40.210439)
2025-01-19 16:08:50,564 - INFO - Cleanup completed: 0 listings older than 2 months deleted (2024-11-20T16:08:50.195842)
2025-01-19 16:16:32,187 - INFO - Cleanup completed: 0 listings older than 2 months deleted (2024-11-20T16:16:31.850238)
2025-01-19 16:39:24,483 - INFO - Cleanup completed: 0 listings older than 2 months deleted (2024-11-20T16:39:24.094902)
2025-01-19 17:02:28,312 - INFO - Cleanup completed: 0 listings older than 2 months deleted (2024-11-20T17:02:27.924024)
2025-01-19 17:25:39,364 - INFO - Cleanup completed: 0 listings older than 2 months deleted (2024-11-20T17:25:39.065812)
2025-01-19 17:48:44,702 - INFO - Cleanup completed: 0 listings older than 2 months deleted (2024-11-20T17:48:44.325965)
2025-01-19 18:11:55,995 - INFO - Cleanup completed: 0 listings older than 2 months deleted (2024-11-20T18:11:55.679171)
2025-01-19 18:34:58,464 - INFO - Cleanup completed: 0 listings older than 2 months deleted (2024-11-20T18:34:58.067244)
2025-01-19 18:58:07,353 - INFO - Cleanup completed: 0 listings older than 2 months deleted (2024-11-20T18:58:06.960237)
2025-01-19 19:21:12,727 - INFO - Cleanup completed: 0 listings older than 2 months deleted (2024-11-20T19:21:12.388263)
2025-01-19 19:44:26,141 - INFO - Cleanup completed: 0 listings older than 2 months deleted (2024-11-20T19:44:25.833860)
2025-01-19 20:07:33,377 - INFO - Cleanup completed: 0 listings older than 2 months deleted (2024-11-20T20:07:32.955420)
2025-01-19 20:30:51,425 - INFO - Cleanup completed: 0 listings older than 2 months deleted (2024-11-20T20:30:51.105453)
2025-01-19 20:54:40,546 - INFO - Cleanup completed: 0 listings older than 2 months deleted (2024-11-20T20:54:40.220332)
2025-01-19 21:17:43,584 - INFO - Cleanup completed: 0 listings older than 2 months deleted (2024-11-20T21:17:43.228710)
2025-01-19 21:40:58,854 - INFO - Cleanup completed: 0 listings older than 2 months deleted (2024-11-20T21:40:58.443681)
2025-01-19 22:04:10,638 - INFO - Cleanup completed: 0 listings older than 2 months deleted (2024-11-20T22:04:10.195290)
2025-01-19 22:27:14,055 - INFO - Cleanup completed: 0 listings older than 2 months deleted (2024-11-20T22:27:13.729219)
2025-01-19 22:50:20,248 - INFO - Cleanup completed: 0 listings older than 2 months deleted (2024-11-20T22:50:19.927084)
2025-01-19 23:13:41,529 - INFO - Cleanup completed: 0 listings older than 2 months deleted (2024-11-20T23:13:41.169129)
2025-01-19 23:37:07,625 - INFO - Cleanup completed: 0 listings older than 2 months deleted (2024-11-20T23:37:07.258064)
2025-01-20 00:00:08,630 - INFO - Cleanup completed: 0 listings older than 2 months deleted (2024-11-21T00:00:08.252192)
2025-01-20 09:42:53,329 - INFO - Cleanup completed: 0 listings older than 2 months deleted (2024-11-21T09:42:52.940776)
2025-01-20 09:44:18,436 - INFO - patching driver executable C:\Users\Sir Thomas II\appdata\roaming\undetected_chromedriver\undetected_chromedriver.exe
2025-01-20 09:44:47,833 - INFO - patching driver executable C:\Users\Sir Thomas II\appdata\roaming\undetected_chromedriver\undetected_chromedriver.exe
2025-01-20 09:44:48,667 - INFO - setting properties for headless
2025-01-20 09:45:12,590 - INFO - patching driver executable C:\Users\Sir Thomas II\appdata\roaming\undetected_chromedriver\undetected_chromedriver.exe
2025-01-20 10:04:52,316 - INFO - ensuring close
2025-01-20 10:04:52,318 - INFO - ensuring close
2025-01-20 10:04:52,318 - INFO - ensuring close
2025-01-20 10:07:29,108 - INFO - Cleanup completed: 0 listings older than 2 months deleted (2024-11-21T10:07:28.706904)
2025-01-20 10:08:59,487 - INFO - patching driver executable C:\Users\Sir Thomas II\appdata\roaming\undetected_chromedriver\undetected_chromedriver.exe
2025-01-20 10:09:00,716 - INFO - setting properties for headless
2025-01-20 10:09:48,903 - INFO - patching driver executable C:\Users\Sir Thomas II\appdata\roaming\undetected_chromedriver\undetected_chromedriver.exe
2025-01-20 10:09:49,684 - INFO - setting properties for headless
2025-01-20 10:10:14,352 - INFO - patching driver executable C:\Users\Sir Thomas II\appdata\roaming\undetected_chromedriver\undetected_chromedriver.exe
2025-01-20 10:31:32,404 - INFO - Cleanup completed: 0 listings older than 2 months deleted (2024-11-21T10:31:31.957905)
2025-01-20 10:32:57,200 - INFO - patching driver executable C:\Users\Sir Thomas II\appdata\roaming\undetected_chromedriver\undetected_chromedriver.exe
2025-01-20 10:32:58,520 - INFO - setting properties for headless
2025-01-20 10:33:57,930 - INFO - patching driver executable C:\Users\Sir Thomas II\appdata\roaming\undetected_chromedriver\undetected_chromedriver.exe
2025-01-20 10:33:58,774 - INFO - setting properties for headless
2025-01-20 10:34:26,059 - INFO - patching driver executable C:\Users\Sir Thomas II\appdata\roaming\undetected_chromedriver\undetected_chromedriver.exe
2025-01-20 10:55:46,703 - INFO - Cleanup completed: 0 listings older than 2 months deleted (2024-11-21T10:55:46.341846)
2025-01-20 10:57:13,816 - INFO - patching driver executable C:\Users\Sir Thomas II\appdata\roaming\undetected_chromedriver\undetected_chromedriver.exe
2025-01-20 10:57:15,101 - INFO - setting properties for headless
2025-01-20 10:58:02,493 - INFO - patching driver executable C:\Users\Sir Thomas II\appdata\roaming\undetected_chromedriver\undetected_chromedriver.exe
2025-01-20 10:58:03,265 - INFO - setting properties for headless
2025-01-20 10:58:32,370 - INFO - patching driver executable C:\Users\Sir Thomas II\appdata\roaming\undetected_chromedriver\undetected_chromedriver.exe
2025-01-20 11:19:57,639 - INFO - Cleanup completed: 0 listings older than 2 months deleted (2024-11-21T11:19:57.267366)
2025-01-20 11:21:24,062 - INFO - patching driver executable C:\Users\Sir Thomas II\appdata\roaming\undetected_chromedriver\undetected_chromedriver.exe
2025-01-20 11:21:25,343 - INFO - setting properties for headless
2025-01-20 11:22:15,399 - INFO - patching driver executable C:\Users\Sir Thomas II\appdata\roaming\undetected_chromedriver\undetected_chromedriver.exe
2025-01-20 11:22:16,221 - INFO - setting properties for headless
2025-01-20 11:22:43,694 - INFO - patching driver executable C:\Users\Sir Thomas II\appdata\roaming\undetected_chromedriver\undetected_chromedriver.exe
2025-01-20 11:44:05,635 - INFO - Cleanup completed: 0 listings older than 2 months deleted (2024-11-21T11:44:05.285205)
2025-01-20 11:45:33,671 - INFO - patching driver executable C:\Users\Sir Thomas II\appdata\roaming\undetected_chromedriver\undetected_chromedriver.exe
2025-01-20 11:45:34,915 - INFO - setting properties for headless
2025-01-20 11:46:22,824 - INFO - patching driver executable C:\Users\Sir Thomas II\appdata\roaming\undetected_chromedriver\undetected_chromedriver.exe
2025-01-20 11:46:23,656 - INFO - setting properties for headless
2025-01-20 11:46:50,929 - INFO - patching driver executable C:\Users\Sir Thomas II\appdata\roaming\undetected_chromedriver\undetected_chromedriver.exe
2025-01-20 12:08:13,579 - INFO - Cleanup completed: 0 listings older than 2 months deleted (2024-11-21T12:08:13.219871)
2025-01-20 12:09:42,927 - INFO - patching driver executable C:\Users\Sir Thomas II\appdata\roaming\undetected_chromedriver\undetected_chromedriver.exe
2025-01-20 12:09:44,216 - INFO - setting properties for headless
2025-01-20 12:10:33,915 - INFO - patching driver executable C:\Users\Sir Thomas II\appdata\roaming\undetected_chromedriver\undetected_chromedriver.exe
2025-01-20 12:10:34,877 - INFO - setting properties for headless
2025-01-20 12:11:02,331 - INFO - patching driver executable C:\Users\Sir Thomas II\appdata\roaming\undetected_chromedriver\undetected_chromedriver.exe
2025-01-20 12:32:24,886 - INFO - Cleanup completed: 0 listings older than 2 months deleted (2024-11-21T12:32:24.532407)
2025-01-20 12:33:58,318 - INFO - patching driver executable C:\Users\Sir Thomas II\appdata\roaming\undetected_chromedriver\undetected_chromedriver.exe
2025-01-20 12:34:01,755 - INFO - setting properties for headless
2025-01-20 12:34:49,793 - INFO - patching driver executable C:\Users\Sir Thomas II\appdata\roaming\undetected_chromedriver\undetected_chromedriver.exe
2025-01-20 12:34:50,605 - INFO - setting properties for headless
2025-01-20 12:35:18,013 - INFO - patching driver executable C:\Users\Sir Thomas II\appdata\roaming\undetected_chromedriver\undetected_chromedriver.exe
2025-01-20 12:56:39,466 - INFO - Cleanup completed: 0 listings older than 2 months deleted (2024-11-21T12:56:39.080658)
2025-01-20 12:58:11,424 - INFO - patching driver executable C:\Users\Sir Thomas II\appdata\roaming\undetected_chromedriver\undetected_chromedriver.exe
2025-01-20 12:58:12,770 - INFO - setting properties for headless
2025-01-20 12:59:03,625 - INFO - patching driver executable C:\Users\Sir Thomas II\appdata\roaming\undetected_chromedriver\undetected_chromedriver.exe
2025-01-20 12:59:04,481 - INFO - setting properties for headless
2025-01-20 12:59:30,249 - INFO - patching driver executable C:\Users\Sir Thomas II\appdata\roaming\undetected_chromedriver\undetected_chromedriver.exe
2025-01-20 13:20:51,850 - INFO - Cleanup completed: 0 listings older than 2 months deleted (2024-11-21T13:20:51.563035)
2025-01-20 13:22:31,557 - INFO - patching driver executable C:\Users\Sir Thomas II\appdata\roaming\undetected_chromedriver\undetected_chromedriver.exe
2025-01-20 13:22:32,844 - INFO - setting properties for headless
2025-01-20 13:23:20,031 - INFO - patching driver executable C:\Users\Sir Thomas II\appdata\roaming\undetected_chromedriver\undetected_chromedriver.exe
2025-01-20 13:23:20,859 - INFO - setting properties for headless
2025-01-20 13:23:49,483 - INFO - patching driver executable C:\Users\Sir Thomas II\appdata\roaming\undetected_chromedriver\undetected_chromedriver.exe
2025-01-20 13:45:12,361 - INFO - Cleanup completed: 0 listings older than 2 months deleted (2024-11-21T13:45:12.047015)
2025-01-20 13:46:37,883 - INFO - patching driver executable C:\Users\Sir Thomas II\appdata\roaming\undetected_chromedriver\undetected_chromedriver.exe
2025-01-20 13:46:39,175 - INFO - setting properties for headless
2025-01-20 13:47:31,917 - INFO - patching driver executable C:\Users\Sir Thomas II\appdata\roaming\undetected_chromedriver\undetected_chromedriver.exe
2025-01-20 13:47:32,777 - INFO - setting properties for headless
2025-01-20 13:47:57,746 - INFO - patching driver executable C:\Users\Sir Thomas II\appdata\roaming\undetected_chromedriver\undetected_chromedriver.exe
2025-01-20 14:09:19,539 - INFO - Cleanup completed: 0 listings older than 2 months deleted (2024-11-21T14:09:19.180440)
2025-01-20 14:10:44,053 - INFO - patching driver executable C:\Users\Sir Thomas II\appdata\roaming\undetected_chromedriver\undetected_chromedriver.exe
2025-01-20 14:10:45,297 - INFO - setting properties for headless
2025-01-20 14:11:33,885 - INFO - patching driver executable C:\Users\Sir Thomas II\appdata\roaming\undetected_chromedriver\undetected_chromedriver.exe
2025-01-20 14:11:34,700 - INFO - setting properties for headless
2025-01-20 14:12:05,505 - INFO - patching driver executable C:\Users\Sir Thomas II\appdata\roaming\undetected_chromedriver\undetected_chromedriver.exe
2025-01-20 14:33:23,890 - INFO - Cleanup completed: 0 listings older than 2 months deleted (2024-11-21T14:33:23.578802)
2025-01-20 14:34:46,342 - INFO - patching driver executable C:\Users\Sir Thomas II\appdata\roaming\undetected_chromedriver\undetected_chromedriver.exe
2025-01-20 14:34:47,600 - INFO - setting properties for headless
2025-01-20 14:35:38,011 - INFO - patching driver executable C:\Users\Sir Thomas II\appdata\roaming\undetected_chromedriver\undetected_chromedriver.exe
2025-01-20 14:35:38,763 - INFO - setting properties for headless
2025-01-20 14:36:04,595 - INFO - patching driver executable C:\Users\Sir Thomas II\appdata\roaming\undetected_chromedriver\undetected_chromedriver.exe
2025-01-20 14:57:27,524 - INFO - Cleanup completed: 0 listings older than 2 months deleted (2024-11-21T14:57:27.177050)
2025-01-20 14:59:10,122 - INFO - patching driver executable C:\Users\Sir Thomas II\appdata\roaming\undetected_chromedriver\undetected_chromedriver.exe
2025-01-20 14:59:11,427 - INFO - setting properties for headless
2025-01-20 15:00:01,835 - INFO - patching driver executable C:\Users\Sir Thomas II\appdata\roaming\undetected_chromedriver\undetected_chromedriver.exe
2025-01-20 15:00:02,669 - INFO - setting properties for headless
2025-01-20 15:00:28,887 - INFO - patching driver executable C:\Users\Sir Thomas II\appdata\roaming\undetected_chromedriver\undetected_chromedriver.exe
2025-01-20 15:21:49,356 - INFO - Cleanup completed: 0 listings older than 2 months deleted (2024-11-21T15:21:48.804307)
2025-01-20 15:23:14,558 - INFO - patching driver executable C:\Users\Sir Thomas II\appdata\roaming\undetected_chromedriver\undetected_chromedriver.exe
2025-01-20 15:23:15,871 - INFO - setting properties for headless
2025-01-20 15:24:02,747 - INFO - patching driver executable C:\Users\Sir Thomas II\appdata\roaming\undetected_chromedriver\undetected_chromedriver.exe
2025-01-20 15:24:03,525 - INFO - setting properties for headless
2025-01-20 15:24:30,966 - INFO - patching driver executable C:\Users\Sir Thomas II\appdata\roaming\undetected_chromedriver\undetected_chromedriver.exe
2025-01-20 15:45:52,992 - INFO - Cleanup completed: 0 listings older than 2 months deleted (2024-11-21T15:45:52.643987)
2025-01-20 15:47:14,604 - INFO - patching driver executable C:\Users\Sir Thomas II\appdata\roaming\undetected_chromedriver\undetected_chromedriver.exe
2025-01-20 15:47:15,852 - INFO - setting properties for headless
2025-01-20 15:48:05,887 - INFO - patching driver executable C:\Users\Sir Thomas II\appdata\roaming\undetected_chromedriver\undetected_chromedriver.exe
2025-01-20 15:48:06,665 - INFO - setting properties for headless
2025-01-20 15:48:32,954 - INFO - patching driver executable C:\Users\Sir Thomas II\appdata\roaming\undetected_chromedriver\undetected_chromedriver.exe
2025-01-20 16:09:50,636 - INFO - Cleanup completed: 0 listings older than 2 months deleted (2024-11-21T16:09:50.311520)
2025-01-20 16:11:39,082 - INFO - patching driver executable C:\Users\Sir Thomas II\appdata\roaming\undetected_chromedriver\undetected_chromedriver.exe
2025-01-20 16:11:40,331 - INFO - setting properties for headless
2025-01-20 16:12:29,307 - INFO - patching driver executable C:\Users\Sir Thomas II\appdata\roaming\undetected_chromedriver\undetected_chromedriver.exe
2025-01-20 16:12:30,152 - INFO - setting properties for headless
2025-01-20 16:12:56,881 - INFO - patching driver executable C:\Users\Sir Thomas II\appdata\roaming\undetected_chromedriver\undetected_chromedriver.exe
2025-01-20 16:34:15,976 - INFO - Cleanup completed: 0 listings older than 2 months deleted (2024-11-21T16:34:15.549581)
2025-01-20 16:35:42,608 - INFO - patching driver executable C:\Users\Sir Thomas II\appdata\roaming\undetected_chromedriver\undetected_chromedriver.exe
2025-01-20 16:35:43,887 - INFO - setting properties for headless
2025-01-20 16:36:35,513 - INFO - patching driver executable C:\Users\Sir Thomas II\appdata\roaming\undetected_chromedriver\undetected_chromedriver.exe
2025-01-20 16:36:36,346 - INFO - setting properties for headless
2025-01-20 16:37:04,022 - INFO - patching driver executable C:\Users\Sir Thomas II\appdata\roaming\undetected_chromedriver\undetected_chromedriver.exe
2025-01-20 16:58:26,234 - INFO - Cleanup completed: 0 listings older than 2 months deleted (2024-11-21T16:58:25.885586)
2025-01-20 16:59:49,931 - INFO - patching driver executable C:\Users\Sir Thomas II\appdata\roaming\undetected_chromedriver\undetected_chromedriver.exe
2025-01-20 16:59:51,214 - INFO - setting properties for headless
2025-01-20 17:00:42,388 - INFO - patching driver executable C:\Users\Sir Thomas II\appdata\roaming\undetected_chromedriver\undetected_chromedriver.exe
2025-01-20 17:00:43,168 - INFO - setting properties for headless
2025-01-20 17:01:11,600 - INFO - patching driver executable C:\Users\Sir Thomas II\appdata\roaming\undetected_chromedriver\undetected_chromedriver.exe
2025-01-20 17:22:35,269 - INFO - Cleanup completed: 0 listings older than 2 months deleted (2024-11-21T17:22:34.882542)
2025-01-20 17:24:02,951 - INFO - patching driver executable C:\Users\Sir Thomas II\appdata\roaming\undetected_chromedriver\undetected_chromedriver.exe
2025-01-20 17:24:04,216 - INFO - setting properties for headless
2025-01-20 17:24:52,518 - INFO - patching driver executable C:\Users\Sir Thomas II\appdata\roaming\undetected_chromedriver\undetected_chromedriver.exe
2025-01-20 17:24:53,300 - INFO - setting properties for headless
2025-01-20 17:25:23,699 - INFO - patching driver executable C:\Users\Sir Thomas II\appdata\roaming\undetected_chromedriver\undetected_chromedriver.exe
2025-01-20 17:46:45,446 - INFO - Cleanup completed: 0 listings older than 2 months deleted (2024-11-21T17:46:45.061481)
2025-01-20 17:48:09,895 - INFO - patching driver executable C:\Users\Sir Thomas II\appdata\roaming\undetected_chromedriver\undetected_chromedriver.exe
2025-01-20 17:48:11,170 - INFO - setting properties for headless
2025-01-20 17:49:04,622 - INFO - patching driver executable C:\Users\Sir Thomas II\appdata\roaming\undetected_chromedriver\undetected_chromedriver.exe
2025-01-20 17:49:05,400 - INFO - setting properties for headless
2025-01-20 17:49:31,731 - INFO - patching driver executable C:\Users\Sir Thomas II\appdata\roaming\undetected_chromedriver\undetected_chromedriver.exe
2025-01-20 18:10:53,149 - INFO - Cleanup completed: 0 listings older than 2 months deleted (2024-11-21T18:10:52.812395)
2025-01-20 18:12:20,223 - INFO - patching driver executable C:\Users\Sir Thomas II\appdata\roaming\undetected_chromedriver\undetected_chromedriver.exe
2025-01-20 18:12:21,506 - INFO - setting properties for headless
2025-01-20 18:13:09,589 - INFO - patching driver executable C:\Users\Sir Thomas II\appdata\roaming\undetected_chromedriver\undetected_chromedriver.exe
2025-01-20 18:13:10,453 - INFO - setting properties for headless
2025-01-20 18:13:38,672 - INFO - patching driver executable C:\Users\Sir Thomas II\appdata\roaming\undetected_chromedriver\undetected_chromedriver.exe
2025-01-20 18:35:03,220 - INFO - Cleanup completed: 0 listings older than 2 months deleted (2024-11-21T18:35:02.859584)
2025-01-20 18:36:29,219 - INFO - patching driver executable C:\Users\Sir Thomas II\appdata\roaming\undetected_chromedriver\undetected_chromedriver.exe
2025-01-20 18:36:30,511 - INFO - setting properties for headless
2025-01-20 18:37:22,223 - INFO - patching driver executable C:\Users\Sir Thomas II\appdata\roaming\undetected_chromedriver\undetected_chromedriver.exe
2025-01-20 18:37:23,045 - INFO - setting properties for headless
2025-01-20 18:37:48,609 - INFO - patching driver executable C:\Users\Sir Thomas II\appdata\roaming\undetected_chromedriver\undetected_chromedriver.exe
2025-01-20 18:59:10,380 - INFO - Cleanup completed: 0 listings older than 2 months deleted (2024-11-21T18:59:10.013911)
2025-01-20 19:00:37,596 - INFO - patching driver executable C:\Users\Sir Thomas II\appdata\roaming\undetected_chromedriver\undetected_chromedriver.exe
2025-01-20 19:00:39,067 - INFO - setting properties for headless
2025-01-20 19:01:31,003 - INFO - patching driver executable C:\Users\Sir Thomas II\appdata\roaming\undetected_chromedriver\undetected_chromedriver.exe
2025-01-20 19:01:31,839 - INFO - setting properties for headless
2025-01-20 19:01:57,632 - INFO - patching driver executable C:\Users\Sir Thomas II\appdata\roaming\undetected_chromedriver\undetected_chromedriver.exe
2025-01-20 19:23:23,096 - INFO - Cleanup completed: 0 listings older than 2 months deleted (2024-11-21T19:23:22.767133)
2025-01-20 19:24:52,411 - INFO - patching driver executable C:\Users\Sir Thomas II\appdata\roaming\undetected_chromedriver\undetected_chromedriver.exe
2025-01-20 19:24:53,753 - INFO - setting properties for headless
2025-01-20 19:25:42,583 - INFO - patching driver executable C:\Users\Sir Thomas II\appdata\roaming\undetected_chromedriver\undetected_chromedriver.exe
2025-01-20 19:25:43,417 - INFO - setting properties for headless
2025-01-20 19:26:12,745 - INFO - patching driver executable C:\Users\Sir Thomas II\appdata\roaming\undetected_chromedriver\undetected_chromedriver.exe
2025-01-20 19:47:34,165 - INFO - Cleanup completed: 0 listings older than 2 months deleted (2024-11-21T19:47:33.782023)
2025-01-20 19:48:58,390 - INFO - patching driver executable C:\Users\Sir Thomas II\appdata\roaming\undetected_chromedriver\undetected_chromedriver.exe
2025-01-20 19:48:59,661 - INFO - setting properties for headless
2025-01-20 19:49:51,017 - INFO - patching driver executable C:\Users\Sir Thomas II\appdata\roaming\undetected_chromedriver\undetected_chromedriver.exe
2025-01-20 19:49:51,802 - INFO - setting properties for headless
2025-01-20 19:50:19,353 - INFO - patching driver executable C:\Users\Sir Thomas II\appdata\roaming\undetected_chromedriver\undetected_chromedriver.exe
2025-01-20 20:11:40,866 - INFO - Cleanup completed: 0 listings older than 2 months deleted (2024-11-21T20:11:40.526022)
2025-01-20 20:13:04,246 - INFO - patching driver executable C:\Users\Sir Thomas II\appdata\roaming\undetected_chromedriver\undetected_chromedriver.exe
2025-01-20 20:13:05,467 - INFO - setting properties for headless
2025-01-20 20:13:53,002 - INFO - patching driver executable C:\Users\Sir Thomas II\appdata\roaming\undetected_chromedriver\undetected_chromedriver.exe
2025-01-20 20:13:53,874 - INFO - setting properties for headless
2025-01-20 20:14:22,834 - INFO - patching driver executable C:\Users\Sir Thomas II\appdata\roaming\undetected_chromedriver\undetected_chromedriver.exe
2025-01-20 20:35:41,592 - INFO - Cleanup completed: 0 listings older than 2 months deleted (2024-11-21T20:35:41.204876)
2025-01-20 20:37:11,058 - INFO - patching driver executable C:\Users\Sir Thomas II\appdata\roaming\undetected_chromedriver\undetected_chromedriver.exe
2025-01-20 20:37:12,417 - INFO - setting properties for headless
2025-01-20 20:38:02,317 - INFO - patching driver executable C:\Users\Sir Thomas II\appdata\roaming\undetected_chromedriver\undetected_chromedriver.exe
2025-01-20 20:38:03,133 - INFO - setting properties for headless
2025-01-20 20:38:29,669 - INFO - patching driver executable C:\Users\Sir Thomas II\appdata\roaming\undetected_chromedriver\undetected_chromedriver.exe
2025-01-20 20:39:38,730 - INFO - Cleanup completed: 0 listings older than 2 months deleted (2024-11-21T20:39:38.407355)
2025-01-20 20:39:57,353 - INFO - patching driver executable C:\Users\Sir Thomas II\appdata\roaming\undetected_chromedriver\undetected_chromedriver.exe
2025-01-20 20:40:07,400 - INFO - patching driver executable C:\Users\Sir Thomas II\appdata\roaming\undetected_chromedriver\undetected_chromedriver.exe
2025-01-20 20:40:12,550 - INFO - patching driver executable C:\Users\Sir Thomas II\appdata\roaming\undetected_chromedriver\undetected_chromedriver.exe
2025-01-20 20:41:21,609 - INFO - Cleanup completed: 0 listings older than 2 months deleted (2024-11-21T20:41:21.258123)
2025-01-20 20:41:39,833 - INFO - patching driver executable C:\Users\Sir Thomas II\appdata\roaming\undetected_chromedriver\undetected_chromedriver.exe
2025-01-20 20:41:49,834 - INFO - patching driver executable C:\Users\Sir Thomas II\appdata\roaming\undetected_chromedriver\undetected_chromedriver.exe
2025-01-20 20:41:54,975 - INFO - patching driver executable C:\Users\Sir Thomas II\appdata\roaming\undetected_chromedriver\undetected_chromedriver.exe
2025-01-20 20:43:04,108 - INFO - Cleanup completed: 0 listings older than 2 months deleted (2024-11-21T20:43:03.742724)
2025-01-20 20:43:22,411 - INFO - patching driver executable C:\Users\Sir Thomas II\appdata\roaming\undetected_chromedriver\undetected_chromedriver.exe
2025-01-20 20:43:32,690 - INFO - patching driver executable C:\Users\Sir Thomas II\appdata\roaming\undetected_chromedriver\undetected_chromedriver.exe
2025-01-20 20:43:37,798 - INFO - patching driver executable C:\Users\Sir Thomas II\appdata\roaming\undetected_chromedriver\undetected_chromedriver.exe
2025-01-20 20:44:46,838 - INFO - Cleanup completed: 0 listings older than 2 months deleted (2024-11-21T20:44:46.496182)
2025-01-20 20:45:05,309 - INFO - patching driver executable C:\Users\Sir Thomas II\appdata\roaming\undetected_chromedriver\undetected_chromedriver.exe
2025-01-20 20:45:15,329 - INFO - patching driver executable C:\Users\Sir Thomas II\appdata\roaming\undetected_chromedriver\undetected_chromedriver.exe
2025-01-20 20:45:20,574 - INFO - patching driver executable C:\Users\Sir Thomas II\appdata\roaming\undetected_chromedriver\undetected_chromedriver.exe
2025-01-20 20:46:29,655 - INFO - Cleanup completed: 0 listings older than 2 months deleted (2024-11-21T20:46:29.281910)
2025-01-20 20:46:47,821 - INFO - patching driver executable C:\Users\Sir Thomas II\appdata\roaming\undetected_chromedriver\undetected_chromedriver.exe
2025-01-20 20:46:57,915 - INFO - patching driver executable C:\Users\Sir Thomas II\appdata\roaming\undetected_chromedriver\undetected_chromedriver.exe
2025-01-20 20:47:03,104 - INFO - patching driver executable C:\Users\Sir Thomas II\appdata\roaming\undetected_chromedriver\undetected_chromedriver.exe
2025-01-20 20:48:14,415 - INFO - Cleanup completed: 0 listings older than 2 months deleted (2024-11-21T20:48:14.047931)
2025-01-20 20:48:34,362 - INFO - patching driver executable C:\Users\Sir Thomas II\appdata\roaming\undetected_chromedriver\undetected_chromedriver.exe
2025-01-20 20:48:44,459 - INFO - patching driver executable C:\Users\Sir Thomas II\appdata\roaming\undetected_chromedriver\undetected_chromedriver.exe
2025-01-20 20:48:49,611 - INFO - patching driver executable C:\Users\Sir Thomas II\appdata\roaming\undetected_chromedriver\undetected_chromedriver.exe
2025-01-20 20:49:58,672 - INFO - Cleanup completed: 0 listings older than 2 months deleted (2024-11-21T20:49:58.310518)
2025-01-20 20:50:17,460 - INFO - patching driver executable C:\Users\Sir Thomas II\appdata\roaming\undetected_chromedriver\undetected_chromedriver.exe
2025-01-20 20:50:27,529 - INFO - patching driver executable C:\Users\Sir Thomas II\appdata\roaming\undetected_chromedriver\undetected_chromedriver.exe
2025-01-20 20:50:32,654 - INFO - patching driver executable C:\Users\Sir Thomas II\appdata\roaming\undetected_chromedriver\undetected_chromedriver.exe
2025-01-20 20:51:42,374 - INFO - Cleanup completed: 0 listings older than 2 months deleted (2024-11-21T20:51:42.063604)
2025-01-20 20:52:00,704 - INFO - patching driver executable C:\Users\Sir Thomas II\appdata\roaming\undetected_chromedriver\undetected_chromedriver.exe
2025-01-20 20:52:10,751 - INFO - patching driver executable C:\Users\Sir Thomas II\appdata\roaming\undetected_chromedriver\undetected_chromedriver.exe
2025-01-20 20:52:16,020 - INFO - patching driver executable C:\Users\Sir Thomas II\appdata\roaming\undetected_chromedriver\undetected_chromedriver.exe
2025-01-20 20:53:25,057 - INFO - Cleanup completed: 0 listings older than 2 months deleted (2024-11-21T20:53:24.707183)
2025-01-20 20:53:43,596 - INFO - patching driver executable C:\Users\Sir Thomas II\appdata\roaming\undetected_chromedriver\undetected_chromedriver.exe
2025-01-20 20:53:53,732 - INFO - patching driver executable C:\Users\Sir Thomas II\appdata\roaming\undetected_chromedriver\undetected_chromedriver.exe
2025-01-20 20:53:59,021 - INFO - patching driver executable C:\Users\Sir Thomas II\appdata\roaming\undetected_chromedriver\undetected_chromedriver.exe
2025-01-20 20:55:10,160 - INFO - Cleanup completed: 0 listings older than 2 months deleted (2024-11-21T20:55:08.009370)
2025-01-20 20:55:28,402 - INFO - patching driver executable C:\Users\Sir Thomas II\appdata\roaming\undetected_chromedriver\undetected_chromedriver.exe
2025-01-20 20:55:39,123 - INFO - patching driver executable C:\Users\Sir Thomas II\appdata\roaming\undetected_chromedriver\undetected_chromedriver.exe
2025-01-20 20:55:44,364 - INFO - patching driver executable C:\Users\Sir Thomas II\appdata\roaming\undetected_chromedriver\undetected_chromedriver.exe
2025-01-20 20:56:53,384 - INFO - Cleanup completed: 0 listings older than 2 months deleted (2024-11-21T20:56:53.060158)
2025-01-20 20:57:17,963 - INFO - patching driver executable C:\Users\Sir Thomas II\appdata\roaming\undetected_chromedriver\undetected_chromedriver.exe
2025-01-20 20:57:27,970 - INFO - patching driver executable C:\Users\Sir Thomas II\appdata\roaming\undetected_chromedriver\undetected_chromedriver.exe
2025-01-20 20:57:33,192 - INFO - patching driver executable C:\Users\Sir Thomas II\appdata\roaming\undetected_chromedriver\undetected_chromedriver.exe
2025-01-20 20:58:42,195 - INFO - Cleanup completed: 0 listings older than 2 months deleted (2024-11-21T20:58:41.845208)
2025-01-20 20:59:00,466 - INFO - patching driver executable C:\Users\Sir Thomas II\appdata\roaming\undetected_chromedriver\undetected_chromedriver.exe
2025-01-20 20:59:10,441 - INFO - patching driver executable C:\Users\Sir Thomas II\appdata\roaming\undetected_chromedriver\undetected_chromedriver.exe
2025-01-20 20:59:15,563 - INFO - patching driver executable C:\Users\Sir Thomas II\appdata\roaming\undetected_chromedriver\undetected_chromedriver.exe
2025-01-20 21:00:25,300 - INFO - Cleanup completed: 0 listings older than 2 months deleted (2024-11-21T21:00:24.948554)
2025-01-20 21:00:45,283 - INFO - patching driver executable C:\Users\Sir Thomas II\appdata\roaming\undetected_chromedriver\undetected_chromedriver.exe
2025-01-20 21:00:55,448 - INFO - patching driver executable C:\Users\Sir Thomas II\appdata\roaming\undetected_chromedriver\undetected_chromedriver.exe
2025-01-20 21:01:00,656 - INFO - patching driver executable C:\Users\Sir Thomas II\appdata\roaming\undetected_chromedriver\undetected_chromedriver.exe
2025-01-20 21:02:09,797 - INFO - Cleanup completed: 0 listings older than 2 months deleted (2024-11-21T21:02:09.405304)
2025-01-20 21:02:28,036 - INFO - patching driver executable C:\Users\Sir Thomas II\appdata\roaming\undetected_chromedriver\undetected_chromedriver.exe
2025-01-20 21:02:38,055 - INFO - patching driver executable C:\Users\Sir Thomas II\appdata\roaming\undetected_chromedriver\undetected_chromedriver.exe
2025-01-20 21:02:43,592 - INFO - patching driver executable C:\Users\Sir Thomas II\appdata\roaming\undetected_chromedriver\undetected_chromedriver.exe
2025-01-20 21:03:52,676 - INFO - Cleanup completed: 0 listings older than 2 months deleted (2024-11-21T21:03:52.332330)
2025-01-20 21:04:11,513 - INFO - patching driver executable C:\Users\Sir Thomas II\appdata\roaming\undetected_chromedriver\undetected_chromedriver.exe
2025-01-20 21:04:21,887 - INFO - patching driver executable C:\Users\Sir Thomas II\appdata\roaming\undetected_chromedriver\undetected_chromedriver.exe
2025-01-20 21:04:27,045 - INFO - patching driver executable C:\Users\Sir Thomas II\appdata\roaming\undetected_chromedriver\undetected_chromedriver.exe
2025-01-20 21:05:36,176 - INFO - Cleanup completed: 0 listings older than 2 months deleted (2024-11-21T21:05:35.775530)
2025-01-20 21:05:54,411 - INFO - patching driver executable C:\Users\Sir Thomas II\appdata\roaming\undetected_chromedriver\undetected_chromedriver.exe
2025-01-20 21:06:06,110 - INFO - patching driver executable C:\Users\Sir Thomas II\appdata\roaming\undetected_chromedriver\undetected_chromedriver.exe
2025-01-20 21:06:11,374 - INFO - patching driver executable C:\Users\Sir Thomas II\appdata\roaming\undetected_chromedriver\undetected_chromedriver.exe
2025-01-20 21:07:20,644 - INFO - Cleanup completed: 0 listings older than 2 months deleted (2024-11-21T21:07:20.317640)
2025-01-20 21:07:41,380 - INFO - patching driver executable C:\Users\Sir Thomas II\appdata\roaming\undetected_chromedriver\undetected_chromedriver.exe
2025-01-20 21:07:51,802 - INFO - patching driver executable C:\Users\Sir Thomas II\appdata\roaming\undetected_chromedriver\undetected_chromedriver.exe
2025-01-20 21:07:56,926 - INFO - patching driver executable C:\Users\Sir Thomas II\appdata\roaming\undetected_chromedriver\undetected_chromedriver.exe
2025-01-20 21:09:06,070 - INFO - Cleanup completed: 0 listings older than 2 months deleted (2024-11-21T21:09:05.657821)
2025-01-20 21:09:24,609 - INFO - patching driver executable C:\Users\Sir Thomas II\appdata\roaming\undetected_chromedriver\undetected_chromedriver.exe
2025-01-20 21:09:34,719 - INFO - patching driver executable C:\Users\Sir Thomas II\appdata\roaming\undetected_chromedriver\undetected_chromedriver.exe
2025-01-20 21:09:39,862 - INFO - patching driver executable C:\Users\Sir Thomas II\appdata\roaming\undetected_chromedriver\undetected_chromedriver.exe
2025-01-20 21:10:48,909 - INFO - Cleanup completed: 0 listings older than 2 months deleted (2024-11-21T21:10:48.593927)
2025-01-20 21:11:07,225 - INFO - patching driver executable C:\Users\Sir Thomas II\appdata\roaming\undetected_chromedriver\undetected_chromedriver.exe
2025-01-20 21:11:17,729 - INFO - patching driver executable C:\Users\Sir Thomas II\appdata\roaming\undetected_chromedriver\undetected_chromedriver.exe
2025-01-20 21:11:22,931 - INFO - patching driver executable C:\Users\Sir Thomas II\appdata\roaming\undetected_chromedriver\undetected_chromedriver.exe
2025-01-20 21:12:31,895 - INFO - Cleanup completed: 0 listings older than 2 months deleted (2024-11-21T21:12:31.588020)
2025-01-20 21:12:50,182 - INFO - patching driver executable C:\Users\Sir Thomas II\appdata\roaming\undetected_chromedriver\undetected_chromedriver.exe
2025-01-20 21:13:00,552 - INFO - patching driver executable C:\Users\Sir Thomas II\appdata\roaming\undetected_chromedriver\undetected_chromedriver.exe
2025-01-20 21:13:05,816 - INFO - patching driver executable C:\Users\Sir Thomas II\appdata\roaming\undetected_chromedriver\undetected_chromedriver.exe
2025-01-20 21:14:14,892 - INFO - Cleanup completed: 0 listings older than 2 months deleted (2024-11-21T21:14:14.519106)
2025-01-20 21:14:33,670 - INFO - patching driver executable C:\Users\Sir Thomas II\appdata\roaming\undetected_chromedriver\undetected_chromedriver.exe
2025-01-20 21:14:43,813 - INFO - patching driver executable C:\Users\Sir Thomas II\appdata\roaming\undetected_chromedriver\undetected_chromedriver.exe
2025-01-20 21:14:48,935 - INFO - patching driver executable C:\Users\Sir Thomas II\appdata\roaming\undetected_chromedriver\undetected_chromedriver.exe
2025-01-20 21:15:57,946 - INFO - Cleanup completed: 0 listings older than 2 months deleted (2024-11-21T21:15:57.581593)
2025-01-20 21:16:16,258 - INFO - patching driver executable C:\Users\Sir Thomas II\appdata\roaming\undetected_chromedriver\undetected_chromedriver.exe
2025-01-20 21:16:26,357 - INFO - patching driver executable C:\Users\Sir Thomas II\appdata\roaming\undetected_chromedriver\undetected_chromedriver.exe
2025-01-20 21:16:31,567 - INFO - patching driver executable C:\Users\Sir Thomas II\appdata\roaming\undetected_chromedriver\undetected_chromedriver.exe
2025-01-20 21:17:40,593 - INFO - Cleanup completed: 0 listings older than 2 months deleted (2024-11-21T21:17:40.262309)
2025-01-20 21:18:00,311 - INFO - patching driver executable C:\Users\Sir Thomas II\appdata\roaming\undetected_chromedriver\undetected_chromedriver.exe
2025-01-20 21:18:10,397 - INFO - patching driver executable C:\Users\Sir Thomas II\appdata\roaming\undetected_chromedriver\undetected_chromedriver.exe
2025-01-20 21:18:16,018 - INFO - patching driver executable C:\Users\Sir Thomas II\appdata\roaming\undetected_chromedriver\undetected_chromedriver.exe
2025-01-20 21:19:25,047 - INFO - Cleanup completed: 0 listings older than 2 months deleted (2024-11-21T21:19:24.695970)
2025-01-20 21:19:43,498 - INFO - patching driver executable C:\Users\Sir Thomas II\appdata\roaming\undetected_chromedriver\undetected_chromedriver.exe
2025-01-20 21:19:53,510 - INFO - patching driver executable C:\Users\Sir Thomas II\appdata\roaming\undetected_chromedriver\undetected_chromedriver.exe
2025-01-20 21:19:58,613 - INFO - patching driver executable C:\Users\Sir Thomas II\appdata\roaming\undetected_chromedriver\undetected_chromedriver.exe
2025-01-20 21:21:07,594 - INFO - Cleanup completed: 0 listings older than 2 months deleted (2024-11-21T21:21:07.291694)
2025-01-20 21:21:26,343 - INFO - patching driver executable C:\Users\Sir Thomas II\appdata\roaming\undetected_chromedriver\undetected_chromedriver.exe
2025-01-20 21:21:36,566 - INFO - patching driver executable C:\Users\Sir Thomas II\appdata\roaming\undetected_chromedriver\undetected_chromedriver.exe
2025-01-20 21:21:41,767 - INFO - patching driver executable C:\Users\Sir Thomas II\appdata\roaming\undetected_chromedriver\undetected_chromedriver.exe
2025-01-20 21:22:50,753 - INFO - Cleanup completed: 0 listings older than 2 months deleted (2024-11-21T21:22:50.435083)
2025-01-20 21:23:09,119 - INFO - patching driver executable C:\Users\Sir Thomas II\appdata\roaming\undetected_chromedriver\undetected_chromedriver.exe
2025-01-20 21:23:19,178 - INFO - patching driver executable C:\Users\Sir Thomas II\appdata\roaming\undetected_chromedriver\undetected_chromedriver.exe
2025-01-20 21:23:24,308 - INFO - patching driver executable C:\Users\Sir Thomas II\appdata\roaming\undetected_chromedriver\undetected_chromedriver.exe
2025-01-20 21:24:33,264 - INFO - Cleanup completed: 0 listings older than 2 months deleted (2024-11-21T21:24:32.955290)
2025-01-20 21:24:51,662 - INFO - patching driver executable C:\Users\Sir Thomas II\appdata\roaming\undetected_chromedriver\undetected_chromedriver.exe
2025-01-20 21:25:01,788 - INFO - patching driver executable C:\Users\Sir Thomas II\appdata\roaming\undetected_chromedriver\undetected_chromedriver.exe
2025-01-20 21:25:07,725 - INFO - patching driver executable C:\Users\Sir Thomas II\appdata\roaming\undetected_chromedriver\undetected_chromedriver.exe
2025-01-20 21:26:16,774 - INFO - Cleanup completed: 0 listings older than 2 months deleted (2024-11-21T21:26:16.414971)
2025-01-20 21:26:35,785 - INFO - patching driver executable C:\Users\Sir Thomas II\appdata\roaming\undetected_chromedriver\undetected_chromedriver.exe
2025-01-20 21:26:45,866 - INFO - patching driver executable C:\Users\Sir Thomas II\appdata\roaming\undetected_chromedriver\undetected_chromedriver.exe
2025-01-20 21:26:51,196 - INFO - patching driver executable C:\Users\Sir Thomas II\appdata\roaming\undetected_chromedriver\undetected_chromedriver.exe
2025-01-20 21:28:01,845 - INFO - Cleanup completed: 0 listings older than 2 months deleted (2024-11-21T21:27:59.881076)
2025-01-20 21:28:21,416 - INFO - patching driver executable C:\Users\Sir Thomas II\appdata\roaming\undetected_chromedriver\undetected_chromedriver.exe
2025-01-20 21:28:31,845 - INFO - patching driver executable C:\Users\Sir Thomas II\appdata\roaming\undetected_chromedriver\undetected_chromedriver.exe
2025-01-20 21:28:37,580 - INFO - patching driver executable C:\Users\Sir Thomas II\appdata\roaming\undetected_chromedriver\undetected_chromedriver.exe
2025-01-20 21:29:46,614 - INFO - Cleanup completed: 0 listings older than 2 months deleted (2024-11-21T21:29:46.264971)
2025-01-20 21:30:04,788 - INFO - patching driver executable C:\Users\Sir Thomas II\appdata\roaming\undetected_chromedriver\undetected_chromedriver.exe
2025-01-20 21:30:14,817 - INFO - patching driver executable C:\Users\Sir Thomas II\appdata\roaming\undetected_chromedriver\undetected_chromedriver.exe
2025-01-20 21:30:20,049 - INFO - patching driver executable C:\Users\Sir Thomas II\appdata\roaming\undetected_chromedriver\undetected_chromedriver.exe
2025-01-20 21:31:29,050 - INFO - Cleanup completed: 0 listings older than 2 months deleted (2024-11-21T21:31:28.700443)
2025-01-20 21:31:47,380 - INFO - patching driver executable C:\Users\Sir Thomas II\appdata\roaming\undetected_chromedriver\undetected_chromedriver.exe
2025-01-20 21:31:57,688 - INFO - patching driver executable C:\Users\Sir Thomas II\appdata\roaming\undetected_chromedriver\undetected_chromedriver.exe
2025-01-20 21:32:03,063 - INFO - patching driver executable C:\Users\Sir Thomas II\appdata\roaming\undetected_chromedriver\undetected_chromedriver.exe
2025-01-20 21:33:12,239 - INFO - Cleanup completed: 0 listings older than 2 months deleted (2024-11-21T21:33:11.867450)
2025-01-20 21:33:30,592 - INFO - patching driver executable C:\Users\Sir Thomas II\appdata\roaming\undetected_chromedriver\undetected_chromedriver.exe
2025-01-20 21:33:42,885 - INFO - patching driver executable C:\Users\Sir Thomas II\appdata\roaming\undetected_chromedriver\undetected_chromedriver.exe
2025-01-20 21:33:48,742 - INFO - patching driver executable C:\Users\Sir Thomas II\appdata\roaming\undetected_chromedriver\undetected_chromedriver.exe
2025-01-20 21:34:57,904 - INFO - Cleanup completed: 0 listings older than 2 months deleted (2024-11-21T21:34:57.501655)
2025-01-20 21:35:16,139 - INFO - patching driver executable C:\Users\Sir Thomas II\appdata\roaming\undetected_chromedriver\undetected_chromedriver.exe
2025-01-20 21:35:26,184 - INFO - patching driver executable C:\Users\Sir Thomas II\appdata\roaming\undetected_chromedriver\undetected_chromedriver.exe
2025-01-20 21:35:31,440 - INFO - patching driver executable C:\Users\Sir Thomas II\appdata\roaming\undetected_chromedriver\undetected_chromedriver.exe
2025-01-20 21:36:40,500 - INFO - Cleanup completed: 0 listings older than 2 months deleted (2024-11-21T21:36:40.167620)
2025-01-20 21:36:58,932 - INFO - patching driver executable C:\Users\Sir Thomas II\appdata\roaming\undetected_chromedriver\undetected_chromedriver.exe
2025-01-20 21:37:08,994 - INFO - patching driver executable C:\Users\Sir Thomas II\appdata\roaming\undetected_chromedriver\undetected_chromedriver.exe
2025-01-20 21:37:14,293 - INFO - patching driver executable C:\Users\Sir Thomas II\appdata\roaming\undetected_chromedriver\undetected_chromedriver.exe
2025-01-20 21:38:23,344 - INFO - Cleanup completed: 0 listings older than 2 months deleted (2024-11-21T21:38:22.987987)
2025-01-20 21:38:41,932 - INFO - patching driver executable C:\Users\Sir Thomas II\appdata\roaming\undetected_chromedriver\undetected_chromedriver.exe
2025-01-20 21:38:52,288 - INFO - patching driver executable C:\Users\Sir Thomas II\appdata\roaming\undetected_chromedriver\undetected_chromedriver.exe
2025-01-20 21:38:57,442 - INFO - patching driver executable C:\Users\Sir Thomas II\appdata\roaming\undetected_chromedriver\undetected_chromedriver.exe
2025-01-20 21:40:06,530 - INFO - Cleanup completed: 0 listings older than 2 months deleted (2024-11-21T21:40:06.168053)
2025-01-20 21:40:24,688 - INFO - patching driver executable C:\Users\Sir Thomas II\appdata\roaming\undetected_chromedriver\undetected_chromedriver.exe
2025-01-20 21:40:34,873 - INFO - patching driver executable C:\Users\Sir Thomas II\appdata\roaming\undetected_chromedriver\undetected_chromedriver.exe
2025-01-20 21:40:40,087 - INFO - patching driver executable C:\Users\Sir Thomas II\appdata\roaming\undetected_chromedriver\undetected_chromedriver.exe
2025-01-20 21:41:49,059 - INFO - Cleanup completed: 0 listings older than 2 months deleted (2024-11-21T21:41:48.734156)
2025-01-20 21:42:07,305 - INFO - patching driver executable C:\Users\Sir Thomas II\appdata\roaming\undetected_chromedriver\undetected_chromedriver.exe
2025-01-20 21:42:17,582 - INFO - patching driver executable C:\Users\Sir Thomas II\appdata\roaming\undetected_chromedriver\undetected_chromedriver.exe
2025-01-20 21:42:22,892 - INFO - patching driver executable C:\Users\Sir Thomas II\appdata\roaming\undetected_chromedriver\undetected_chromedriver.exe
2025-01-20 21:43:31,897 - INFO - Cleanup completed: 0 listings older than 2 months deleted (2024-11-21T21:43:31.558301)
2025-01-20 21:43:50,190 - INFO - patching driver executable C:\Users\Sir Thomas II\appdata\roaming\undetected_chromedriver\undetected_chromedriver.exe
2025-01-20 21:44:00,250 - INFO - patching driver executable C:\Users\Sir Thomas II\appdata\roaming\undetected_chromedriver\undetected_chromedriver.exe
2025-01-20 21:44:05,403 - INFO - patching driver executable C:\Users\Sir Thomas II\appdata\roaming\undetected_chromedriver\undetected_chromedriver.exe
2025-01-20 21:45:14,641 - INFO - Cleanup completed: 0 listings older than 2 months deleted (2024-11-21T21:45:14.297513)
2025-01-20 21:45:32,926 - INFO - patching driver executable C:\Users\Sir Thomas II\appdata\roaming\undetected_chromedriver\undetected_chromedriver.exe
2025-01-20 21:45:43,018 - INFO - patching driver executable C:\Users\Sir Thomas II\appdata\roaming\undetected_chromedriver\undetected_chromedriver.exe
2025-01-20 21:45:48,229 - INFO - patching driver executable C:\Users\Sir Thomas II\appdata\roaming\undetected_chromedriver\undetected_chromedriver.exe
2025-01-20 21:46:57,270 - INFO - Cleanup completed: 0 listings older than 2 months deleted (2024-11-21T21:46:56.951298)
2025-01-20 21:47:15,503 - INFO - patching driver executable C:\Users\Sir Thomas II\appdata\roaming\undetected_chromedriver\undetected_chromedriver.exe
2025-01-20 21:47:27,014 - INFO - patching driver executable C:\Users\Sir Thomas II\appdata\roaming\undetected_chromedriver\undetected_chromedriver.exe
2025-01-20 21:47:32,852 - INFO - patching driver executable C:\Users\Sir Thomas II\appdata\roaming\undetected_chromedriver\undetected_chromedriver.exe
2025-01-20 21:48:41,897 - INFO - Cleanup completed: 0 listings older than 2 months deleted (2024-11-21T21:48:41.518675)
2025-01-20 21:49:00,054 - INFO - patching driver executable C:\Users\Sir Thomas II\appdata\roaming\undetected_chromedriver\undetected_chromedriver.exe
2025-01-20 21:49:10,115 - INFO - patching driver executable C:\Users\Sir Thomas II\appdata\roaming\undetected_chromedriver\undetected_chromedriver.exe
2025-01-20 21:49:15,353 - INFO - patching driver executable C:\Users\Sir Thomas II\appdata\roaming\undetected_chromedriver\undetected_chromedriver.exe
2025-01-20 21:50:24,455 - INFO - Cleanup completed: 0 listings older than 2 months deleted (2024-11-21T21:50:24.061451)
2025-01-20 21:50:42,770 - INFO - patching driver executable C:\Users\Sir Thomas II\appdata\roaming\undetected_chromedriver\undetected_chromedriver.exe
2025-01-20 21:50:52,927 - INFO - patching driver executable C:\Users\Sir Thomas II\appdata\roaming\undetected_chromedriver\undetected_chromedriver.exe
2025-01-20 21:50:58,110 - INFO - patching driver executable C:\Users\Sir Thomas II\appdata\roaming\undetected_chromedriver\undetected_chromedriver.exe
2025-01-20 21:52:07,174 - INFO - Cleanup completed: 0 listings older than 2 months deleted (2024-11-21T21:52:06.780282)
2025-01-20 21:52:25,514 - INFO - patching driver executable C:\Users\Sir Thomas II\appdata\roaming\undetected_chromedriver\undetected_chromedriver.exe
2025-01-20 21:52:35,603 - INFO - patching driver executable C:\Users\Sir Thomas II\appdata\roaming\undetected_chromedriver\undetected_chromedriver.exe
2025-01-20 21:52:40,766 - INFO - patching driver executable C:\Users\Sir Thomas II\appdata\roaming\undetected_chromedriver\undetected_chromedriver.exe
2025-01-20 21:53:49,804 - INFO - Cleanup completed: 0 listings older than 2 months deleted (2024-11-21T21:53:49.480621)
2025-01-20 21:54:08,205 - INFO - patching driver executable C:\Users\Sir Thomas II\appdata\roaming\undetected_chromedriver\undetected_chromedriver.exe
2025-01-20 21:54:18,381 - INFO - patching driver executable C:\Users\Sir Thomas II\appdata\roaming\undetected_chromedriver\undetected_chromedriver.exe
2025-01-20 21:54:24,377 - INFO - patching driver executable C:\Users\Sir Thomas II\appdata\roaming\undetected_chromedriver\undetected_chromedriver.exe
2025-01-20 21:55:33,402 - INFO - Cleanup completed: 0 listings older than 2 months deleted (2024-11-21T21:55:33.035908)
2025-01-20 21:55:53,677 - INFO - patching driver executable C:\Users\Sir Thomas II\appdata\roaming\undetected_chromedriver\undetected_chromedriver.exe
2025-01-20 21:56:03,739 - INFO - patching driver executable C:\Users\Sir Thomas II\appdata\roaming\undetected_chromedriver\undetected_chromedriver.exe
2025-01-20 21:56:09,367 - INFO - patching driver executable C:\Users\Sir Thomas II\appdata\roaming\undetected_chromedriver\undetected_chromedriver.exe
2025-01-20 21:57:18,415 - INFO - Cleanup completed: 0 listings older than 2 months deleted (2024-11-21T21:57:18.056220)
2025-01-20 21:57:36,786 - INFO - patching driver executable C:\Users\Sir Thomas II\appdata\roaming\undetected_chromedriver\undetected_chromedriver.exe
2025-01-20 21:57:46,860 - INFO - patching driver executable C:\Users\Sir Thomas II\appdata\roaming\undetected_chromedriver\undetected_chromedriver.exe
2025-01-20 21:57:51,968 - INFO - patching driver executable C:\Users\Sir Thomas II\appdata\roaming\undetected_chromedriver\undetected_chromedriver.exe
2025-01-20 21:59:01,038 - INFO - Cleanup completed: 0 listings older than 2 months deleted (2024-11-21T21:59:00.671785)
2025-01-20 21:59:19,426 - INFO - patching driver executable C:\Users\Sir Thomas II\appdata\roaming\undetected_chromedriver\undetected_chromedriver.exe
2025-01-20 21:59:29,540 - INFO - patching driver executable C:\Users\Sir Thomas II\appdata\roaming\undetected_chromedriver\undetected_chromedriver.exe
2025-01-20 21:59:34,691 - INFO - patching driver executable C:\Users\Sir Thomas II\appdata\roaming\undetected_chromedriver\undetected_chromedriver.exe
2025-01-20 22:00:43,731 - INFO - Cleanup completed: 0 listings older than 2 months deleted (2024-11-21T22:00:43.391704)
2025-01-20 22:01:02,023 - INFO - patching driver executable C:\Users\Sir Thomas II\appdata\roaming\undetected_chromedriver\undetected_chromedriver.exe
2025-01-20 22:01:12,063 - INFO - patching driver executable C:\Users\Sir Thomas II\appdata\roaming\undetected_chromedriver\undetected_chromedriver.exe
2025-01-20 22:01:17,212 - INFO - patching driver executable C:\Users\Sir Thomas II\appdata\roaming\undetected_chromedriver\undetected_chromedriver.exe
2025-01-20 22:02:26,319 - INFO - Cleanup completed: 0 listings older than 2 months deleted (2024-11-21T22:02:25.875084)
2025-01-20 22:02:44,606 - INFO - patching driver executable C:\Users\Sir Thomas II\appdata\roaming\undetected_chromedriver\undetected_chromedriver.exe
2025-01-20 22:02:54,621 - INFO - patching driver executable C:\Users\Sir Thomas II\appdata\roaming\undetected_chromedriver\undetected_chromedriver.exe
2025-01-20 22:03:00,032 - INFO - patching driver executable C:\Users\Sir Thomas II\appdata\roaming\undetected_chromedriver\undetected_chromedriver.exe
2025-01-20 22:04:09,018 - INFO - Cleanup completed: 0 listings older than 2 months deleted (2024-11-21T22:04:08.677816)
2025-01-20 22:04:27,308 - INFO - patching driver executable C:\Users\Sir Thomas II\appdata\roaming\undetected_chromedriver\undetected_chromedriver.exe
2025-01-20 22:04:37,402 - INFO - patching driver executable C:\Users\Sir Thomas II\appdata\roaming\undetected_chromedriver\undetected_chromedriver.exe
2025-01-20 22:04:42,538 - INFO - patching driver executable C:\Users\Sir Thomas II\appdata\roaming\undetected_chromedriver\undetected_chromedriver.exe
2025-01-20 22:05:51,703 - INFO - Cleanup completed: 0 listings older than 2 months deleted (2024-11-21T22:05:51.270120)
2025-01-20 22:06:10,152 - INFO - patching driver executable C:\Users\Sir Thomas II\appdata\roaming\undetected_chromedriver\undetected_chromedriver.exe
2025-01-20 22:06:20,217 - INFO - patching driver executable C:\Users\Sir Thomas II\appdata\roaming\undetected_chromedriver\undetected_chromedriver.exe
2025-01-20 22:06:25,937 - INFO - patching driver executable C:\Users\Sir Thomas II\appdata\roaming\undetected_chromedriver\undetected_chromedriver.exe
2025-01-20 22:07:35,034 - INFO - Cleanup completed: 0 listings older than 2 months deleted (2024-11-21T22:07:34.656340)
2025-01-20 22:07:54,631 - INFO - patching driver executable C:\Users\Sir Thomas II\appdata\roaming\undetected_chromedriver\undetected_chromedriver.exe
2025-01-20 22:08:04,660 - INFO - patching driver executable C:\Users\Sir Thomas II\appdata\roaming\undetected_chromedriver\undetected_chromedriver.exe
2025-01-20 22:08:10,052 - INFO - patching driver executable C:\Users\Sir Thomas II\appdata\roaming\undetected_chromedriver\undetected_chromedriver.exe
2025-01-20 22:09:19,161 - INFO - Cleanup completed: 0 listings older than 2 months deleted (2024-11-21T22:09:18.790839)
2025-01-20 22:09:39,095 - INFO - patching driver executable C:\Users\Sir Thomas II\appdata\roaming\undetected_chromedriver\undetected_chromedriver.exe
2025-01-20 22:09:49,035 - INFO - patching driver executable C:\Users\Sir Thomas II\appdata\roaming\undetected_chromedriver\undetected_chromedriver.exe
2025-01-20 22:09:54,163 - INFO - patching driver executable C:\Users\Sir Thomas II\appdata\roaming\undetected_chromedriver\undetected_chromedriver.exe
2025-01-20 22:11:03,201 - INFO - Cleanup completed: 0 listings older than 2 months deleted (2024-11-21T22:11:02.889023)
2025-01-20 22:11:21,643 - INFO - patching driver executable C:\Users\Sir Thomas II\appdata\roaming\undetected_chromedriver\undetected_chromedriver.exe
2025-01-20 22:11:34,011 - INFO - patching driver executable C:\Users\Sir Thomas II\appdata\roaming\undetected_chromedriver\undetected_chromedriver.exe
2025-01-20 22:11:39,247 - INFO - patching driver executable C:\Users\Sir Thomas II\appdata\roaming\undetected_chromedriver\undetected_chromedriver.exe
2025-01-20 22:12:48,257 - INFO - Cleanup completed: 0 listings older than 2 months deleted (2024-11-21T22:12:47.878462)
2025-01-20 22:13:07,307 - INFO - patching driver executable C:\Users\Sir Thomas II\appdata\roaming\undetected_chromedriver\undetected_chromedriver.exe
2025-01-20 22:13:17,394 - INFO - patching driver executable C:\Users\Sir Thomas II\appdata\roaming\undetected_chromedriver\undetected_chromedriver.exe
2025-01-20 22:13:22,519 - INFO - patching driver executable C:\Users\Sir Thomas II\appdata\roaming\undetected_chromedriver\undetected_chromedriver.exe
2025-01-20 22:14:31,558 - INFO - Cleanup completed: 0 listings older than 2 months deleted (2024-11-21T22:14:31.202354)
2025-01-20 22:14:49,787 - INFO - patching driver executable C:\Users\Sir Thomas II\appdata\roaming\undetected_chromedriver\undetected_chromedriver.exe
2025-01-20 22:14:59,762 - INFO - patching driver executable C:\Users\Sir Thomas II\appdata\roaming\undetected_chromedriver\undetected_chromedriver.exe
2025-01-20 22:15:05,131 - INFO - patching driver executable C:\Users\Sir Thomas II\appdata\roaming\undetected_chromedriver\undetected_chromedriver.exe
2025-01-20 22:16:14,208 - INFO - Cleanup completed: 0 listings older than 2 months deleted (2024-11-21T22:16:13.817307)
2025-01-20 22:16:33,799 - INFO - patching driver executable C:\Users\Sir Thomas II\appdata\roaming\undetected_chromedriver\undetected_chromedriver.exe
2025-01-20 22:16:43,806 - INFO - patching driver executable C:\Users\Sir Thomas II\appdata\roaming\undetected_chromedriver\undetected_chromedriver.exe
2025-01-20 22:16:49,171 - INFO - patching driver executable C:\Users\Sir Thomas II\appdata\roaming\undetected_chromedriver\undetected_chromedriver.exe
2025-01-20 22:17:58,488 - INFO - Cleanup completed: 0 listings older than 2 months deleted (2024-11-21T22:17:57.863714)
2025-01-20 22:18:16,775 - INFO - patching driver executable C:\Users\Sir Thomas II\appdata\roaming\undetected_chromedriver\undetected_chromedriver.exe
2025-01-20 22:18:27,105 - INFO - patching driver executable C:\Users\Sir Thomas II\appdata\roaming\undetected_chromedriver\undetected_chromedriver.exe
2025-01-20 22:18:32,253 - INFO - patching driver executable C:\Users\Sir Thomas II\appdata\roaming\undetected_chromedriver\undetected_chromedriver.exe
2025-01-20 22:19:41,282 - INFO - Cleanup completed: 0 listings older than 2 months deleted (2024-11-21T22:19:40.944328)
2025-01-20 22:19:59,471 - INFO - patching driver executable C:\Users\Sir Thomas II\appdata\roaming\undetected_chromedriver\undetected_chromedriver.exe
2025-01-20 22:20:09,483 - INFO - patching driver executable C:\Users\Sir Thomas II\appdata\roaming\undetected_chromedriver\undetected_chromedriver.exe
2025-01-20 22:20:14,771 - INFO - patching driver executable C:\Users\Sir Thomas II\appdata\roaming\undetected_chromedriver\undetected_chromedriver.exe
2025-01-20 22:25:31,830 - INFO - Cleanup completed: 0 listings older than 2 months deleted (2024-11-21T22:25:31.444929)
2025-01-20 22:27:24,174 - INFO - Cleanup completed: 0 listings older than 2 months deleted (2024-11-21T22:27:23.841801)
2025-01-20 22:28:56,993 - INFO - patching driver executable C:\Users\Sir Thomas II\appdata\roaming\undetected_chromedriver\undetected_chromedriver.exe
2025-01-20 22:28:58,383 - INFO - setting properties for headless
2025-01-20 22:30:02,343 - INFO - Cleanup completed: 0 listings older than 2 months deleted (2024-11-21T22:30:01.966331)
2025-01-20 22:31:36,076 - INFO - patching driver executable C:\Users\Sir Thomas II\appdata\roaming\undetected_chromedriver\undetected_chromedriver.exe
2025-01-20 22:31:37,683 - INFO - setting properties for headless
2025-01-20 22:33:00,687 - INFO - Cleanup completed: 0 listings older than 2 months deleted (2024-11-21T22:33:00.361152)
2025-01-20 22:34:30,474 - INFO - patching driver executable C:\Users\Sir Thomas II\appdata\roaming\undetected_chromedriver\undetected_chromedriver.exe
2025-01-20 22:34:31,797 - INFO - setting properties for headless
2025-01-20 22:35:55,649 - INFO - Cleanup completed: 0 listings older than 2 months deleted (2024-11-21T22:35:55.326107)
2025-01-20 22:38:17,959 - INFO - Cleanup completed: 0 listings older than 2 months deleted (2024-11-21T22:38:17.651031)
2025-01-20 22:40:04,130 - INFO - Cleanup completed: 0 listings older than 2 months deleted (2024-11-21T22:40:03.839808)
2025-01-20 22:41:36,875 - INFO - patching driver executable C:\Users\Sir Thomas II\appdata\roaming\undetected_chromedriver\undetected_chromedriver.exe
2025-01-20 22:41:38,358 - INFO - setting properties for headless
2025-01-20 22:42:28,091 - INFO - Cleanup completed: 0 listings older than 2 months deleted (2024-11-21T22:42:27.814947)
2025-01-20 22:44:02,296 - INFO - Cleanup completed: 0 listings older than 2 months deleted (2024-11-21T22:44:01.971483)
2025-01-20 22:45:30,206 - INFO - Cleanup completed: 0 listings older than 2 months deleted (2024-11-21T22:45:29.824189)
2025-01-20 22:46:26,798 - INFO - Cleanup completed: 0 listings older than 2 months deleted (2024-11-21T22:46:26.479882)
2025-01-20 22:48:08,260 - INFO - Cleanup completed: 0 listings older than 2 months deleted (2024-11-21T22:48:07.954445)
2025-01-20 22:50:23,816 - INFO - Cleanup completed: 0 listings older than 2 months deleted (2024-11-21T22:50:23.434376)
